mode: atomic
gb_go_best_practics/homework/sqlcsv/crypto/encode.go:10.43,16.29 4 1
gb_go_best_practics/homework/sqlcsv/crypto/encode.go:19.2,23.38 3 1
gb_go_best_practics/homework/sqlcsv/crypto/encode.go:31.2,33.10 3 1
gb_go_best_practics/homework/sqlcsv/crypto/encode.go:16.29,18.3 1 3
gb_go_best_practics/homework/sqlcsv/crypto/encode.go:23.38,25.31 2 3
gb_go_best_practics/homework/sqlcsv/crypto/encode.go:28.3,28.42 1 3
gb_go_best_practics/homework/sqlcsv/crypto/encode.go:25.31,27.4 1 7
gb_go_best_practics/homework/sqlcsv/crypto/encode.go:36.40,40.24 3 7
gb_go_best_practics/homework/sqlcsv/crypto/encode.go:57.2,57.10 1 7
gb_go_best_practics/homework/sqlcsv/crypto/encode.go:41.21,42.39 1 2
gb_go_best_practics/homework/sqlcsv/crypto/encode.go:43.22,44.64 1 2
gb_go_best_practics/homework/sqlcsv/crypto/encode.go:45.20,46.71 1 1
gb_go_best_practics/homework/sqlcsv/crypto/encode.go:47.22,48.59 1 1
gb_go_best_practics/homework/sqlcsv/crypto/encode.go:49.22,50.58 1 0
gb_go_best_practics/homework/sqlcsv/crypto/encode.go:51.23,52.80 1 0
gb_go_best_practics/homework/sqlcsv/crypto/encode.go:53.19,54.9 1 1
gb_go_best_practics/homework/sqlcsv/parser/ast.go:25.33,26.14 1 3
gb_go_best_practics/homework/sqlcsv/parser/ast.go:29.2,31.24 3 2
gb_go_best_practics/homework/sqlcsv/parser/ast.go:26.14,28.3 1 1
gb_go_best_practics/homework/sqlcsv/parser/ast.go:34.27,37.2 2 2
gb_go_best_practics/homework/sqlcsv/parser/ast.go:44.33,46.2 1 2
gb_go_best_practics/homework/sqlcsv/parser/ast.go:48.33,52.2 1 8
gb_go_best_practics/homework/sqlcsv/parser/ast.go:54.30,55.52 1 3
gb_go_best_practics/homework/sqlcsv/parser/ast.go:58.2,58.14 1 1
gb_go_best_practics/homework/sqlcsv/parser/ast.go:55.52,57.3 1 2
gb_go_best_practics/homework/sqlcsv/parser/ast.go:67.45,73.2 2 0
gb_go_best_practics/homework/sqlcsv/parser/ast.go:75.34,80.2 1 2
gb_go_best_practics/homework/sqlcsv/parser/ast.go:82.34,84.2 1 2
gb_go_best_practics/homework/sqlcsv/parser/ast.go:86.32,88.2 1 1
gb_go_best_practics/homework/sqlcsv/parser/ast.go:90.31,91.20 1 0
gb_go_best_practics/homework/sqlcsv/parser/ast.go:94.2,94.14 1 0
gb_go_best_practics/homework/sqlcsv/parser/ast.go:91.20,93.3 1 0
gb_go_best_practics/homework/sqlcsv/parser/ast.go:103.41,109.2 2 0
gb_go_best_practics/homework/sqlcsv/parser/ast.go:111.32,116.2 1 1
gb_go_best_practics/homework/sqlcsv/parser/ast.go:118.32,120.2 1 0
gb_go_best_practics/homework/sqlcsv/parser/ast.go:122.32,124.2 1 1
gb_go_best_practics/homework/sqlcsv/parser/ast.go:126.29,127.20 1 0
gb_go_best_practics/homework/sqlcsv/parser/ast.go:130.2,130.14 1 0
gb_go_best_practics/homework/sqlcsv/parser/ast.go:127.20,129.3 1 0
gb_go_best_practics/homework/sqlcsv/parser/ast.go:139.33,144.2 1 3
gb_go_best_practics/homework/sqlcsv/parser/ast.go:146.34,148.2 1 0
gb_go_best_practics/homework/sqlcsv/parser/ast.go:150.31,152.2 1 0
gb_go_best_practics/homework/sqlcsv/parser/ast.go:160.33,164.2 1 1
gb_go_best_practics/homework/sqlcsv/parser/ast.go:166.34,168.2 1 0
gb_go_best_practics/homework/sqlcsv/parser/ast.go:170.30,171.23 1 1
gb_go_best_practics/homework/sqlcsv/parser/ast.go:174.2,174.13 1 1
gb_go_best_practics/homework/sqlcsv/parser/ast.go:171.23,173.3 1 0
gb_go_best_practics/homework/sqlcsv/parser/ast.go:177.31,179.2 1 1
gb_go_best_practics/homework/sqlcsv/parser/ast.go:187.40,192.2 1 4
gb_go_best_practics/homework/sqlcsv/parser/ast.go:194.36,196.2 1 0
gb_go_best_practics/homework/sqlcsv/parser/ast.go:198.38,200.2 1 1
gb_go_best_practics/homework/sqlcsv/parser/ast.go:202.33,204.2 1 1
gb_go_best_practics/homework/sqlcsv/parser/ast.go:211.21,213.2 1 3
gb_go_best_practics/homework/sqlcsv/parser/ast.go:215.31,216.20 1 0
gb_go_best_practics/homework/sqlcsv/parser/ast.go:219.2,219.14 1 0
gb_go_best_practics/homework/sqlcsv/parser/ast.go:216.20,218.3 1 0
gb_go_best_practics/homework/sqlcsv/parser/ast.go:222.28,224.2 1 1
gb_go_best_practics/homework/sqlcsv/parser/ast.go:231.37,233.2 1 6
gb_go_best_practics/homework/sqlcsv/parser/ast.go:235.54,239.20 4 0
gb_go_best_practics/homework/sqlcsv/parser/ast.go:247.2,247.24 1 0
gb_go_best_practics/homework/sqlcsv/parser/ast.go:239.20,241.3 1 0
gb_go_best_practics/homework/sqlcsv/parser/ast.go:241.8,241.27 1 0
gb_go_best_practics/homework/sqlcsv/parser/ast.go:241.27,243.3 1 0
gb_go_best_practics/homework/sqlcsv/parser/ast.go:243.8,246.3 2 0
gb_go_best_practics/homework/sqlcsv/parser/ast.go:254.38,256.2 1 0
gb_go_best_practics/homework/sqlcsv/parser/ast.go:265.37,267.24 2 1
gb_go_best_practics/homework/sqlcsv/parser/ast.go:270.2,270.25 1 1
gb_go_best_practics/homework/sqlcsv/parser/ast.go:273.2,273.25 1 1
gb_go_best_practics/homework/sqlcsv/parser/ast.go:276.2,276.21 1 1
gb_go_best_practics/homework/sqlcsv/parser/ast.go:267.24,269.3 1 1
gb_go_best_practics/homework/sqlcsv/parser/ast.go:270.25,272.3 1 1
gb_go_best_practics/homework/sqlcsv/parser/ast.go:273.25,275.3 1 1
gb_go_best_practics/homework/sqlcsv/parser/ast.go:284.38,288.2 3 1
gb_go_best_practics/homework/sqlcsv/parser/ast.go:295.35,298.2 2 2
gb_go_best_practics/homework/sqlcsv/parser/ast.go:305.36,308.2 2 2
gb_go_best_practics/homework/sqlcsv/parser/ast.go:315.36,318.2 2 2
gb_go_best_practics/homework/sqlcsv/parser/ast.go:326.37,329.2 2 2
gb_go_best_practics/homework/sqlcsv/parser/ast.go:338.32,340.18 2 0
gb_go_best_practics/homework/sqlcsv/parser/ast.go:343.2,344.21 2 0
gb_go_best_practics/homework/sqlcsv/parser/ast.go:340.18,342.3 1 0
gb_go_best_practics/homework/sqlcsv/parser/ast.go:353.32,355.21 2 3
gb_go_best_practics/homework/sqlcsv/parser/ast.go:358.2,358.20 1 3
gb_go_best_practics/homework/sqlcsv/parser/ast.go:361.2,361.21 1 3
gb_go_best_practics/homework/sqlcsv/parser/ast.go:355.21,357.3 1 0
gb_go_best_practics/homework/sqlcsv/parser/ast.go:358.20,360.3 1 0
gb_go_best_practics/homework/sqlcsv/parser/ast.go:364.31,365.20 1 0
gb_go_best_practics/homework/sqlcsv/parser/ast.go:369.2,369.43 1 0
gb_go_best_practics/homework/sqlcsv/parser/ast.go:373.2,373.26 1 0
gb_go_best_practics/homework/sqlcsv/parser/ast.go:365.20,367.3 1 0
gb_go_best_practics/homework/sqlcsv/parser/ast.go:369.43,371.3 1 0
gb_go_best_practics/homework/sqlcsv/parser/ast.go:383.32,385.21 2 1
gb_go_best_practics/homework/sqlcsv/parser/ast.go:388.2,388.20 1 1
gb_go_best_practics/homework/sqlcsv/parser/ast.go:391.2,391.21 1 1
gb_go_best_practics/homework/sqlcsv/parser/ast.go:385.21,387.3 1 0
gb_go_best_practics/homework/sqlcsv/parser/ast.go:388.20,390.3 1 0
gb_go_best_practics/homework/sqlcsv/parser/ast.go:394.31,395.20 1 0
gb_go_best_practics/homework/sqlcsv/parser/ast.go:398.2,398.26 1 0
gb_go_best_practics/homework/sqlcsv/parser/ast.go:395.20,397.3 1 0
gb_go_best_practics/homework/sqlcsv/parser/ast.go:404.36,406.2 1 0
gb_go_best_practics/homework/sqlcsv/parser/ast.go:412.35,414.2 1 0
gb_go_best_practics/homework/sqlcsv/parser/ast.go:416.35,418.2 1 14
gb_go_best_practics/homework/sqlcsv/parser/ast.go:420.42,422.26 2 3
gb_go_best_practics/homework/sqlcsv/parser/ast.go:425.2,425.30 1 3
gb_go_best_practics/homework/sqlcsv/parser/ast.go:422.26,424.3 1 4
gb_go_best_practics/homework/sqlcsv/parser/conv.go:9.38,10.18 1 0
gb_go_best_practics/homework/sqlcsv/parser/conv.go:21.2,21.18 1 0
gb_go_best_practics/homework/sqlcsv/parser/conv.go:11.15,12.48 1 0
gb_go_best_practics/homework/sqlcsv/parser/conv.go:13.13,14.11 1 0
gb_go_best_practics/homework/sqlcsv/parser/conv.go:15.14,16.63 1 0
gb_go_best_practics/homework/sqlcsv/parser/conv.go:16.63,18.4 1 0
gb_go_best_practics/homework/sqlcsv/parser/conv.go:24.41,25.18 1 3
gb_go_best_practics/homework/sqlcsv/parser/conv.go:41.2,41.18 1 0
gb_go_best_practics/homework/sqlcsv/parser/conv.go:26.15,28.25 2 1
gb_go_best_practics/homework/sqlcsv/parser/conv.go:29.13,31.25 2 1
gb_go_best_practics/homework/sqlcsv/parser/conv.go:32.16,33.11 1 0
gb_go_best_practics/homework/sqlcsv/parser/conv.go:34.14,35.63 1 1
gb_go_best_practics/homework/sqlcsv/parser/conv.go:35.63,38.4 2 1
gb_go_best_practics/homework/sqlcsv/parser/conv.go:44.37,45.18 1 4
gb_go_best_practics/homework/sqlcsv/parser/conv.go:55.2,55.18 1 1
gb_go_best_practics/homework/sqlcsv/parser/conv.go:46.15,47.11 1 1
gb_go_best_practics/homework/sqlcsv/parser/conv.go:48.15,49.40 1 1
gb_go_best_practics/homework/sqlcsv/parser/conv.go:50.14,51.58 1 2
gb_go_best_practics/homework/sqlcsv/parser/conv.go:51.58,53.4 1 1
gb_go_best_practics/homework/sqlcsv/parser/conv.go:58.41,63.17 5 2
gb_go_best_practics/homework/sqlcsv/parser/conv.go:66.2,66.29 1 2
gb_go_best_practics/homework/sqlcsv/parser/conv.go:63.17,65.3 1 1
gb_go_best_practics/homework/sqlcsv/parser/customscanner.go:59.56,65.2 5 10
gb_go_best_practics/homework/sqlcsv/parser/customscanner.go:67.33,68.36 1 27
gb_go_best_practics/homework/sqlcsv/parser/customscanner.go:71.2,71.26 1 0
gb_go_best_practics/homework/sqlcsv/parser/customscanner.go:68.36,70.3 1 27
gb_go_best_practics/homework/sqlcsv/parser/customscanner.go:74.36,75.28 1 152
gb_go_best_practics/homework/sqlcsv/parser/customscanner.go:78.2,78.24 1 126
gb_go_best_practics/homework/sqlcsv/parser/customscanner.go:75.28,77.3 1 26
gb_go_best_practics/homework/sqlcsv/parser/customscanner.go:81.36,83.15 2 87
gb_go_best_practics/homework/sqlcsv/parser/customscanner.go:87.2,87.11 1 87
gb_go_best_practics/homework/sqlcsv/parser/customscanner.go:83.15,86.3 2 77
gb_go_best_practics/homework/sqlcsv/parser/customscanner.go:90.40,92.2 1 13
gb_go_best_practics/homework/sqlcsv/parser/customscanner.go:94.40,96.2 1 10
gb_go_best_practics/homework/sqlcsv/parser/customscanner.go:98.50,101.15 3 3
gb_go_best_practics/homework/sqlcsv/parser/customscanner.go:118.2,118.22 1 3
gb_go_best_practics/homework/sqlcsv/parser/customscanner.go:102.22,103.35 1 3
gb_go_best_practics/homework/sqlcsv/parser/customscanner.go:109.3,110.35 2 3
gb_go_best_practics/homework/sqlcsv/parser/customscanner.go:116.3,116.18 1 3
gb_go_best_practics/homework/sqlcsv/parser/customscanner.go:103.35,105.4 1 3
gb_go_best_practics/homework/sqlcsv/parser/customscanner.go:105.9,107.4 1 0
gb_go_best_practics/homework/sqlcsv/parser/customscanner.go:110.35,111.69 1 28
gb_go_best_practics/homework/sqlcsv/parser/customscanner.go:114.4,114.39 1 28
gb_go_best_practics/homework/sqlcsv/parser/customscanner.go:111.69,113.5 1 1
gb_go_best_practics/homework/sqlcsv/parser/customscanner.go:121.59,124.21 2 25
gb_go_best_practics/homework/sqlcsv/parser/customscanner.go:129.2,135.9 6 25
gb_go_best_practics/homework/sqlcsv/parser/customscanner.go:174.2,174.43 1 25
gb_go_best_practics/homework/sqlcsv/parser/customscanner.go:124.21,127.3 2 3
gb_go_best_practics/homework/sqlcsv/parser/customscanner.go:136.25,140.58 3 9
gb_go_best_practics/homework/sqlcsv/parser/customscanner.go:149.28,153.51 3 1
gb_go_best_practics/homework/sqlcsv/parser/customscanner.go:158.10,159.13 1 15
gb_go_best_practics/homework/sqlcsv/parser/customscanner.go:140.58,142.4 1 1
gb_go_best_practics/homework/sqlcsv/parser/customscanner.go:142.9,142.63 1 8
gb_go_best_practics/homework/sqlcsv/parser/customscanner.go:142.63,144.4 1 1
gb_go_best_practics/homework/sqlcsv/parser/customscanner.go:144.9,144.52 1 7
gb_go_best_practics/homework/sqlcsv/parser/customscanner.go:144.52,146.4 1 4
gb_go_best_practics/homework/sqlcsv/parser/customscanner.go:146.9,148.4 1 3
gb_go_best_practics/homework/sqlcsv/parser/customscanner.go:153.51,155.4 1 1
gb_go_best_practics/homework/sqlcsv/parser/customscanner.go:155.9,155.30 1 0
gb_go_best_practics/homework/sqlcsv/parser/customscanner.go:155.30,157.4 1 0
gb_go_best_practics/homework/sqlcsv/parser/customscanner.go:160.12,161.9 1 10
gb_go_best_practics/homework/sqlcsv/parser/customscanner.go:162.18,165.18 3 2
gb_go_best_practics/homework/sqlcsv/parser/customscanner.go:166.12,170.17 4 1
gb_go_best_practics/homework/sqlcsv/parser/customscanner.go:177.48,178.12 1 28
gb_go_best_practics/homework/sqlcsv/parser/customscanner.go:182.2,182.14 1 25
gb_go_best_practics/homework/sqlcsv/parser/customscanner.go:179.29,180.14 1 3
gb_go_best_practics/homework/sqlcsv/parser/customscanner.go:185.48,186.6 1 3
gb_go_best_practics/homework/sqlcsv/parser/customscanner.go:198.2,198.8 1 3
gb_go_best_practics/homework/sqlcsv/parser/customscanner.go:186.6,188.16 2 31
gb_go_best_practics/homework/sqlcsv/parser/customscanner.go:188.16,190.9 2 0
gb_go_best_practics/homework/sqlcsv/parser/customscanner.go:191.9,191.25 1 31
gb_go_best_practics/homework/sqlcsv/parser/customscanner.go:191.25,192.9 1 3
gb_go_best_practics/homework/sqlcsv/parser/customscanner.go:193.9,193.24 1 28
gb_go_best_practics/homework/sqlcsv/parser/customscanner.go:193.24,195.4 1 1
gb_go_best_practics/homework/sqlcsv/parser/customscanner.go:201.34,202.29 1 9
gb_go_best_practics/homework/sqlcsv/parser/customscanner.go:205.2,205.8 1 9
gb_go_best_practics/homework/sqlcsv/parser/customscanner.go:202.29,204.3 1 27
gb_go_best_practics/homework/sqlcsv/parser/customscanner.go:208.51,210.2 1 61
gb_go_best_practics/homework/sqlcsv/parser/customscanner.go:212.34,213.32 1 1
gb_go_best_practics/homework/sqlcsv/parser/customscanner.go:216.2,216.8 1 1
gb_go_best_practics/homework/sqlcsv/parser/customscanner.go:213.32,215.3 1 0
gb_go_best_practics/homework/sqlcsv/parser/customscanner.go:219.54,220.12 1 17
gb_go_best_practics/homework/sqlcsv/parser/customscanner.go:224.2,224.14 1 16
gb_go_best_practics/homework/sqlcsv/parser/customscanner.go:221.36,222.14 1 1
gb_go_best_practics/homework/sqlcsv/parser/customscanner.go:227.60,228.29 1 7
gb_go_best_practics/homework/sqlcsv/parser/customscanner.go:233.2,233.59 1 3
gb_go_best_practics/homework/sqlcsv/parser/customscanner.go:228.29,229.42 1 27
gb_go_best_practics/homework/sqlcsv/parser/customscanner.go:229.42,231.4 1 4
gb_go_best_practics/homework/sqlcsv/parser/customscanner.go:236.62,237.33 1 1
gb_go_best_practics/homework/sqlcsv/parser/customscanner.go:242.2,242.67 1 0
gb_go_best_practics/homework/sqlcsv/parser/customscanner.go:237.33,238.15 1 2
gb_go_best_practics/homework/sqlcsv/parser/customscanner.go:238.15,240.4 1 1
gb_go_best_practics/homework/sqlcsv/parser/lexer.go:13.42,15.16 2 7
gb_go_best_practics/homework/sqlcsv/parser/lexer.go:19.2,20.14 2 7
gb_go_best_practics/homework/sqlcsv/parser/lexer.go:15.16,17.3 1 0
gb_go_best_practics/homework/sqlcsv/parser/lexer.go:23.33,25.2 1 0
gb_go_best_practics/homework/sqlcsv/parser/lexer.go:33.32,35.2 1 5
gb_go_best_practics/homework/sqlcsv/parser/parser.go:280.0,283.0 2 0
gb_go_best_practics/homework/sqlcsv/parser/parser.go:285.0,290.0 4 1
gb_go_best_practics/homework/sqlcsv/parser/parser.go:25.0,27.0 1 0
gb_go_best_practics/homework/sqlcsv/parser/parser.go:29.0,31.0 1 1
gb_go_best_practics/homework/sqlcsv/parser/parser.go:35.0,36.0 1 0
gb_go_best_practics/homework/sqlcsv/parser/parser.go:41.0,41.0 1 0
gb_go_best_practics/homework/sqlcsv/parser/parser.go:36.0,37.0 1 0
gb_go_best_practics/homework/sqlcsv/parser/parser.go:37.0,39.0 1 0
gb_go_best_practics/homework/sqlcsv/parser/parser.go:44.0,45.0 1 0
gb_go_best_practics/homework/sqlcsv/parser/parser.go:50.0,50.0 1 0
gb_go_best_practics/homework/sqlcsv/parser/parser.go:45.0,46.0 1 0
gb_go_best_practics/homework/sqlcsv/parser/parser.go:46.0,48.0 1 0
gb_go_best_practics/homework/sqlcsv/parser/parser.go:53.0,56.0 2 0
gb_go_best_practics/homework/sqlcsv/parser/parser.go:60.0,60.0 1 0
gb_go_best_practics/homework/sqlcsv/parser/parser.go:66.0,73.0 4 0
gb_go_best_practics/homework/sqlcsv/parser/parser.go:82.0,82.0 1 0
gb_go_best_practics/homework/sqlcsv/parser/parser.go:106.0,106.0 1 0
gb_go_best_practics/homework/sqlcsv/parser/parser.go:114.0,114.0 1 0
gb_go_best_practics/homework/sqlcsv/parser/parser.go:56.0,58.0 1 0
gb_go_best_practics/homework/sqlcsv/parser/parser.go:60.0,61.0 1 0
gb_go_best_practics/homework/sqlcsv/parser/parser.go:61.0,63.0 1 0
gb_go_best_practics/homework/sqlcsv/parser/parser.go:73.0,74.0 1 0
gb_go_best_practics/homework/sqlcsv/parser/parser.go:74.0,75.0 1 0
gb_go_best_practics/homework/sqlcsv/parser/parser.go:78.0,78.0 1 0
gb_go_best_practics/homework/sqlcsv/parser/parser.go:75.0,77.0 1 0
gb_go_best_practics/homework/sqlcsv/parser/parser.go:82.0,84.0 2 0
gb_go_best_practics/homework/sqlcsv/parser/parser.go:89.0,89.0 1 0
gb_go_best_practics/homework/sqlcsv/parser/parser.go:101.0,101.0 1 0
gb_go_best_practics/homework/sqlcsv/parser/parser.go:84.0,86.0 1 0
gb_go_best_practics/homework/sqlcsv/parser/parser.go:89.0,91.0 2 0
gb_go_best_practics/homework/sqlcsv/parser/parser.go:94.0,94.0 1 0
gb_go_best_practics/homework/sqlcsv/parser/parser.go:97.0,97.0 1 0
gb_go_best_practics/homework/sqlcsv/parser/parser.go:91.0,92.0 1 0
gb_go_best_practics/homework/sqlcsv/parser/parser.go:94.0,96.0 1 0
gb_go_best_practics/homework/sqlcsv/parser/parser.go:101.0,103.0 1 0
gb_go_best_practics/homework/sqlcsv/parser/parser.go:106.0,107.0 1 0
gb_go_best_practics/homework/sqlcsv/parser/parser.go:112.0,112.0 1 0
gb_go_best_practics/homework/sqlcsv/parser/parser.go:107.0,109.0 1 0
gb_go_best_practics/homework/sqlcsv/parser/parser.go:109.0,111.0 1 0
gb_go_best_practics/homework/sqlcsv/parser/parser.go:117.0,120.0 3 7
gb_go_best_practics/homework/sqlcsv/parser/parser.go:124.0,124.0 1 6
gb_go_best_practics/homework/sqlcsv/parser/parser.go:128.0,128.0 1 4
gb_go_best_practics/homework/sqlcsv/parser/parser.go:134.0,134.0 1 0
gb_go_best_practics/homework/sqlcsv/parser/parser.go:143.0,143.0 1 7
gb_go_best_practics/homework/sqlcsv/parser/parser.go:146.0,146.0 1 7
gb_go_best_practics/homework/sqlcsv/parser/parser.go:149.0,149.0 1 7
gb_go_best_practics/homework/sqlcsv/parser/parser.go:120.0,122.0 2 1
gb_go_best_practics/homework/sqlcsv/parser/parser.go:124.0,126.0 2 2
gb_go_best_practics/homework/sqlcsv/parser/parser.go:128.0,129.0 1 4
gb_go_best_practics/homework/sqlcsv/parser/parser.go:129.0,131.0 2 4
gb_go_best_practics/homework/sqlcsv/parser/parser.go:134.0,136.0 2 0
gb_go_best_practics/homework/sqlcsv/parser/parser.go:136.0,138.0 2 0
gb_go_best_practics/homework/sqlcsv/parser/parser.go:143.0,145.0 1 0
gb_go_best_practics/homework/sqlcsv/parser/parser.go:146.0,148.0 1 0
gb_go_best_practics/homework/sqlcsv/parser/parser.go:152.0,154.0 1 1
gb_go_best_practics/homework/sqlcsv/parser/parser.go:156.0,168.0 11 1
gb_go_best_practics/homework/sqlcsv/parser/parser.go:174.0,175.0 2 1
gb_go_best_practics/homework/sqlcsv/parser/parser.go:178.0,180.0 2 1
gb_go_best_practics/homework/sqlcsv/parser/parser.go:181.0,183.0 2 0
gb_go_best_practics/homework/sqlcsv/parser/parser.go:185.0,185.0 1 36
gb_go_best_practics/homework/sqlcsv/parser/parser.go:189.0,190.0 2 36
gb_go_best_practics/homework/sqlcsv/parser/parser.go:195.0,198.0 3 36
gb_go_best_practics/homework/sqlcsv/parser/parser.go:199.0,200.0 2 36
gb_go_best_practics/homework/sqlcsv/parser/parser.go:203.0,203.0 1 17
gb_go_best_practics/homework/sqlcsv/parser/parser.go:206.0,207.0 2 17
gb_go_best_practics/homework/sqlcsv/parser/parser.go:210.0,211.0 2 17
gb_go_best_practics/homework/sqlcsv/parser/parser.go:224.0,225.0 2 30
gb_go_best_practics/homework/sqlcsv/parser/parser.go:249.0,249.0 1 29
gb_go_best_practics/homework/sqlcsv/parser/parser.go:297.0,297.0 1 29
gb_go_best_practics/homework/sqlcsv/parser/parser.go:301.0,308.0 5 29
gb_go_best_practics/homework/sqlcsv/parser/parser.go:313.0,320.0 5 29
gb_go_best_practics/homework/sqlcsv/parser/parser.go:329.0,329.0 1 29
gb_go_best_practics/homework/sqlcsv/parser/parser.go:279.0,279.0 1 29
gb_go_best_practics/homework/sqlcsv/parser/parser.go:168.0,173.0 3 1
gb_go_best_practics/homework/sqlcsv/parser/parser.go:185.0,187.0 1 0
gb_go_best_practics/homework/sqlcsv/parser/parser.go:190.0,194.0 3 0
gb_go_best_practics/homework/sqlcsv/parser/parser.go:200.0,201.0 1 19
gb_go_best_practics/homework/sqlcsv/parser/parser.go:203.0,205.0 1 7
gb_go_best_practics/homework/sqlcsv/parser/parser.go:207.0,208.0 1 0
gb_go_best_practics/homework/sqlcsv/parser/parser.go:211.0,216.0 5 6
gb_go_best_practics/homework/sqlcsv/parser/parser.go:219.0,219.0 1 6
gb_go_best_practics/homework/sqlcsv/parser/parser.go:216.0,218.0 1 0
gb_go_best_practics/homework/sqlcsv/parser/parser.go:225.0,226.0 1 1
gb_go_best_practics/homework/sqlcsv/parser/parser.go:231.0,232.0 2 1
gb_go_best_practics/homework/sqlcsv/parser/parser.go:238.0,238.0 1 1
gb_go_best_practics/homework/sqlcsv/parser/parser.go:244.0,245.0 2 1
gb_go_best_practics/homework/sqlcsv/parser/parser.go:226.0,228.0 1 0
gb_go_best_practics/homework/sqlcsv/parser/parser.go:232.0,233.0 1 1
gb_go_best_practics/homework/sqlcsv/parser/parser.go:236.0,236.0 1 0
gb_go_best_practics/homework/sqlcsv/parser/parser.go:233.0,234.0 1 1
gb_go_best_practics/homework/sqlcsv/parser/parser.go:238.0,240.0 2 1
gb_go_best_practics/homework/sqlcsv/parser/parser.go:240.0,241.0 1 1
gb_go_best_practics/homework/sqlcsv/parser/parser.go:245.0,246.0 1 1
gb_go_best_practics/homework/sqlcsv/parser/parser.go:249.0,251.0 1 0
gb_go_best_practics/homework/sqlcsv/parser/parser.go:252.0,255.0 3 0
gb_go_best_practics/homework/sqlcsv/parser/parser.go:259.0,259.0 1 0
gb_go_best_practics/homework/sqlcsv/parser/parser.go:261.0,265.0 2 0
gb_go_best_practics/homework/sqlcsv/parser/parser.go:281.0,281.0 1 0
gb_go_best_practics/homework/sqlcsv/parser/parser.go:283.0,284.0 1 0
gb_go_best_practics/homework/sqlcsv/parser/parser.go:287.0,287.0 1 0
gb_go_best_practics/homework/sqlcsv/parser/parser.go:290.0,292.0 3 0
gb_go_best_practics/homework/sqlcsv/parser/parser.go:255.0,258.0 2 0
gb_go_best_practics/homework/sqlcsv/parser/parser.go:265.0,267.0 2 0
gb_go_best_practics/homework/sqlcsv/parser/parser.go:275.0,275.0 1 0
gb_go_best_practics/homework/sqlcsv/parser/parser.go:278.0,278.0 1 0
gb_go_best_practics/homework/sqlcsv/parser/parser.go:267.0,269.0 2 0
gb_go_best_practics/homework/sqlcsv/parser/parser.go:269.0,270.0 1 0
gb_go_best_practics/homework/sqlcsv/parser/parser.go:275.0,277.0 1 0
gb_go_best_practics/homework/sqlcsv/parser/parser.go:284.0,286.0 1 0
gb_go_best_practics/homework/sqlcsv/parser/parser.go:287.0,288.0 1 0
gb_go_best_practics/homework/sqlcsv/parser/parser.go:297.0,299.0 1 0
gb_go_best_practics/homework/sqlcsv/parser/parser.go:308.0,312.0 3 0
gb_go_best_practics/homework/sqlcsv/parser/parser.go:320.0,322.0 1 10
gb_go_best_practics/homework/sqlcsv/parser/parser.go:322.0,324.0 2 19
gb_go_best_practics/homework/sqlcsv/parser/parser.go:324.0,326.0 1 17
gb_go_best_practics/homework/sqlcsv/parser/parser.go:331.0,58.0 2 1
gb_go_best_practics/homework/sqlcsv/parser/parser.go:62.0,63.0 2 2
gb_go_best_practics/homework/sqlcsv/parser/parser.go:67.0,70.0 2 2
gb_go_best_practics/homework/sqlcsv/parser/parser.go:73.0,76.0 2 2
gb_go_best_practics/homework/sqlcsv/parser/parser.go:79.0,82.0 2 2
gb_go_best_practics/homework/sqlcsv/parser/parser.go:90.0,93.0 2 2
gb_go_best_practics/homework/sqlcsv/parser/parser.go:96.0,99.0 2 2
gb_go_best_practics/homework/sqlcsv/parser/parser.go:102.0,103.0 2 0
gb_go_best_practics/homework/sqlcsv/parser/parser.go:106.0,109.0 2 2
gb_go_best_practics/homework/sqlcsv/parser/parser.go:112.0,113.0 2 0
gb_go_best_practics/homework/sqlcsv/parser/parser.go:116.0,119.0 2 2
gb_go_best_practics/homework/sqlcsv/parser/parser.go:122.0,123.0 2 0
gb_go_best_practics/homework/sqlcsv/parser/parser.go:126.0,129.0 2 0
gb_go_best_practics/homework/sqlcsv/parser/parser.go:132.0,133.0 2 0
gb_go_best_practics/homework/sqlcsv/parser/parser.go:136.0,137.0 2 0
gb_go_best_practics/homework/sqlcsv/parser/parser.go:140.0,143.0 2 2
gb_go_best_practics/homework/sqlcsv/parser/parser.go:146.0,147.0 2 0
gb_go_best_practics/homework/sqlcsv/parser/parser.go:150.0,151.0 2 0
gb_go_best_practics/homework/sqlcsv/parser/parser.go:154.0,155.0 2 0
gb_go_best_practics/homework/sqlcsv/parser/parser.go:158.0,159.0 2 0
gb_go_best_practics/homework/sqlcsv/parser/parser.go:162.0,163.0 2 0
gb_go_best_practics/homework/sqlcsv/parser/parser.go:166.0,169.0 2 0
gb_go_best_practics/homework/sqlcsv/parser/parser.go:172.0,175.0 2 0
gb_go_best_practics/homework/sqlcsv/parser/parser.go:178.0,179.0 2 0
gb_go_best_practics/homework/sqlcsv/parser/parser.go:182.0,185.0 2 0
gb_go_best_practics/homework/sqlcsv/parser/parser.go:188.0,189.0 2 0
gb_go_best_practics/homework/sqlcsv/parser/parser.go:192.0,195.0 2 2
gb_go_best_practics/homework/sqlcsv/parser/parser.go:198.0,199.0 2 0
gb_go_best_practics/homework/sqlcsv/parser/parser.go:202.0,205.0 2 2
gb_go_best_practics/homework/sqlcsv/parser/parser.go:208.0,211.0 2 0
gb_go_best_practics/homework/sqlcsv/parser/parser.go:214.0,215.0 2 0
gb_go_best_practics/homework/sqlcsv/parser/parser.go:218.0,221.0 2 2
gb_go_best_practics/homework/sqlcsv/parser/parser.go:224.0,225.0 2 0
gb_go_best_practics/homework/sqlcsv/parser/parser.go:228.0,231.0 2 2
gb_go_best_practics/homework/sqlcsv/parser/parser.go:234.0,237.0 2 0
gb_go_best_practics/homework/sqlcsv/parser/parser.go:240.0,243.0 2 0
gb_go_best_practics/homework/sqlcsv/parser/parser.go:246.0,247.0 2 0
gb_go_best_practics/homework/sqlcsv/parser/parser.go:251.0,254.0 2 0
gb_go_best_practics/homework/sqlcsv/parser/parser.go:257.0,258.0 2 0
gb_go_best_practics/homework/sqlcsv/parser/parser.go:262.0,265.0 2 0
gb_go_best_practics/homework/sqlcsv/parser/parser.go:268.0,271.0 2 0
gb_go_best_practics/homework/sqlcsv/parser/parser.go:274.0,275.0 2 2
gb_go_best_practics/homework/sqlcsv/parser/parser.go:58.0,61.0 2 1
gb_go_best_practics/homework/sqlcsv/parser/parser.go:63.0,66.0 2 2
gb_go_best_practics/homework/sqlcsv/parser/parser.go:70.0,72.0 1 2
gb_go_best_practics/homework/sqlcsv/parser/parser.go:76.0,78.0 1 2
gb_go_best_practics/homework/sqlcsv/parser/parser.go:82.0,89.0 1 2
gb_go_best_practics/homework/sqlcsv/parser/parser.go:93.0,95.0 1 2
gb_go_best_practics/homework/sqlcsv/parser/parser.go:99.0,101.0 1 2
gb_go_best_practics/homework/sqlcsv/parser/parser.go:103.0,105.0 1 0
gb_go_best_practics/homework/sqlcsv/parser/parser.go:109.0,111.0 1 2
gb_go_best_practics/homework/sqlcsv/parser/parser.go:113.0,115.0 1 0
gb_go_best_practics/homework/sqlcsv/parser/parser.go:119.0,121.0 1 2
gb_go_best_practics/homework/sqlcsv/parser/parser.go:123.0,125.0 1 0
gb_go_best_practics/homework/sqlcsv/parser/parser.go:129.0,131.0 1 0
gb_go_best_practics/homework/sqlcsv/parser/parser.go:133.0,135.0 1 0
gb_go_best_practics/homework/sqlcsv/parser/parser.go:137.0,139.0 1 0
gb_go_best_practics/homework/sqlcsv/parser/parser.go:143.0,145.0 1 2
gb_go_best_practics/homework/sqlcsv/parser/parser.go:147.0,149.0 1 0
gb_go_best_practics/homework/sqlcsv/parser/parser.go:151.0,153.0 1 0
gb_go_best_practics/homework/sqlcsv/parser/parser.go:155.0,157.0 1 0
gb_go_best_practics/homework/sqlcsv/parser/parser.go:159.0,161.0 1 0
gb_go_best_practics/homework/sqlcsv/parser/parser.go:163.0,165.0 1 0
gb_go_best_practics/homework/sqlcsv/parser/parser.go:169.0,171.0 1 0
gb_go_best_practics/homework/sqlcsv/parser/parser.go:175.0,177.0 1 0
gb_go_best_practics/homework/sqlcsv/parser/parser.go:179.0,181.0 1 0
gb_go_best_practics/homework/sqlcsv/parser/parser.go:185.0,187.0 1 0
gb_go_best_practics/homework/sqlcsv/parser/parser.go:189.0,191.0 1 0
gb_go_best_practics/homework/sqlcsv/parser/parser.go:195.0,197.0 1 2
gb_go_best_practics/homework/sqlcsv/parser/parser.go:199.0,201.0 1 0
gb_go_best_practics/homework/sqlcsv/parser/parser.go:205.0,207.0 1 2
gb_go_best_practics/homework/sqlcsv/parser/parser.go:211.0,213.0 1 0
gb_go_best_practics/homework/sqlcsv/parser/parser.go:215.0,217.0 1 0
gb_go_best_practics/homework/sqlcsv/parser/parser.go:221.0,223.0 1 2
gb_go_best_practics/homework/sqlcsv/parser/parser.go:225.0,227.0 1 0
gb_go_best_practics/homework/sqlcsv/parser/parser.go:231.0,233.0 1 2
gb_go_best_practics/homework/sqlcsv/parser/parser.go:237.0,239.0 1 0
gb_go_best_practics/homework/sqlcsv/parser/parser.go:243.0,245.0 1 0
gb_go_best_practics/homework/sqlcsv/parser/parser.go:247.0,250.0 2 0
gb_go_best_practics/homework/sqlcsv/parser/parser.go:254.0,256.0 1 0
gb_go_best_practics/homework/sqlcsv/parser/parser.go:258.0,261.0 2 0
gb_go_best_practics/homework/sqlcsv/parser/parser.go:265.0,267.0 1 0
gb_go_best_practics/homework/sqlcsv/parser/parser.go:271.0,273.0 1 0
gb_go_best_practics/homework/sqlcsv/parser/parser.go:275.0,277.0 1 2
gb_go_best_practics/homework/sqlcsv/call/cell.go:9.39,11.2 1 66
gb_go_best_practics/homework/sqlcsv/call/cell.go:13.46,16.27 2 22
gb_go_best_practics/homework/sqlcsv/call/cell.go:19.2,19.15 1 22
gb_go_best_practics/homework/sqlcsv/call/cell.go:16.27,18.3 1 62
gb_go_best_practics/homework/sqlcsv/call/cell.go:22.38,24.2 1 16
gb_go_best_practics/homework/sqlcsv/call/cell.go:26.46,28.2 1 0
gb_go_best_practics/homework/sqlcsv/call/cell.go:30.28,32.2 1 0
gb_go_best_practics/homework/sqlcsv/call/comparison.go:26.44,28.2 1 1
gb_go_best_practics/homework/sqlcsv/call/comparison.go:30.75,31.44 1 26
gb_go_best_practics/homework/sqlcsv/call/comparison.go:35.2,35.59 1 20
gb_go_best_practics/homework/sqlcsv/call/comparison.go:49.2,49.62 1 4
gb_go_best_practics/homework/sqlcsv/call/comparison.go:63.2,63.58 1 4
gb_go_best_practics/homework/sqlcsv/call/comparison.go:75.2,75.38 1 3
gb_go_best_practics/homework/sqlcsv/call/comparison.go:90.2,90.21 1 1
gb_go_best_practics/homework/sqlcsv/call/comparison.go:31.44,33.3 1 6
gb_go_best_practics/homework/sqlcsv/call/comparison.go:35.59,36.60 1 16
gb_go_best_practics/homework/sqlcsv/call/comparison.go:36.60,39.16 3 16
gb_go_best_practics/homework/sqlcsv/call/comparison.go:39.16,41.5 1 6
gb_go_best_practics/homework/sqlcsv/call/comparison.go:41.10,41.22 1 10
gb_go_best_practics/homework/sqlcsv/call/comparison.go:41.22,43.5 1 5
gb_go_best_practics/homework/sqlcsv/call/comparison.go:43.10,45.5 1 5
gb_go_best_practics/homework/sqlcsv/call/comparison.go:49.62,50.63 1 0
gb_go_best_practics/homework/sqlcsv/call/comparison.go:50.63,53.20 3 0
gb_go_best_practics/homework/sqlcsv/call/comparison.go:53.20,55.5 1 0
gb_go_best_practics/homework/sqlcsv/call/comparison.go:55.10,55.28 1 0
gb_go_best_practics/homework/sqlcsv/call/comparison.go:55.28,57.5 1 0
gb_go_best_practics/homework/sqlcsv/call/comparison.go:57.10,59.5 1 0
gb_go_best_practics/homework/sqlcsv/call/comparison.go:63.58,64.59 1 1
gb_go_best_practics/homework/sqlcsv/call/comparison.go:64.59,67.16 3 1
gb_go_best_practics/homework/sqlcsv/call/comparison.go:67.16,69.5 1 0
gb_go_best_practics/homework/sqlcsv/call/comparison.go:69.10,71.5 1 1
gb_go_best_practics/homework/sqlcsv/call/comparison.go:75.38,76.39 1 3
gb_go_best_practics/homework/sqlcsv/call/comparison.go:76.39,80.16 3 2
gb_go_best_practics/homework/sqlcsv/call/comparison.go:80.16,82.5 1 1
gb_go_best_practics/homework/sqlcsv/call/comparison.go:82.10,82.22 1 1
gb_go_best_practics/homework/sqlcsv/call/comparison.go:82.22,84.5 1 0
gb_go_best_practics/homework/sqlcsv/call/comparison.go:84.10,86.5 1 1
gb_go_best_practics/homework/sqlcsv/call/comparison.go:93.53,94.55 1 5
gb_go_best_practics/homework/sqlcsv/call/comparison.go:99.2,99.14 1 3
gb_go_best_practics/homework/sqlcsv/call/comparison.go:94.55,95.17 1 3
gb_go_best_practics/homework/sqlcsv/call/comparison.go:95.17,97.4 1 2
gb_go_best_practics/homework/sqlcsv/call/comparison.go:102.56,103.55 1 2
gb_go_best_practics/homework/sqlcsv/call/comparison.go:108.2,108.14 1 1
gb_go_best_practics/homework/sqlcsv/call/comparison.go:103.55,104.17 1 2
gb_go_best_practics/homework/sqlcsv/call/comparison.go:104.17,106.4 1 1
gb_go_best_practics/homework/sqlcsv/call/comparison.go:111.54,112.73 1 3
gb_go_best_practics/homework/sqlcsv/call/comparison.go:117.2,117.14 1 2
gb_go_best_practics/homework/sqlcsv/call/comparison.go:112.73,113.16 1 2
gb_go_best_practics/homework/sqlcsv/call/comparison.go:113.16,115.4 1 1
gb_go_best_practics/homework/sqlcsv/call/comparison.go:120.57,121.73 1 5
gb_go_best_practics/homework/sqlcsv/call/comparison.go:127.2,127.14 1 3
gb_go_best_practics/homework/sqlcsv/call/comparison.go:121.73,122.19 1 4
gb_go_best_practics/homework/sqlcsv/call/comparison.go:122.19,124.4 1 2
gb_go_best_practics/homework/sqlcsv/call/comparison.go:130.63,131.73 1 3
gb_go_best_practics/homework/sqlcsv/call/comparison.go:136.2,136.14 1 2
gb_go_best_practics/homework/sqlcsv/call/comparison.go:131.73,132.19 1 2
gb_go_best_practics/homework/sqlcsv/call/comparison.go:132.19,134.4 1 1
gb_go_best_practics/homework/sqlcsv/call/comparison.go:139.66,140.73 1 3
gb_go_best_practics/homework/sqlcsv/call/comparison.go:145.2,145.14 1 2
gb_go_best_practics/homework/sqlcsv/call/comparison.go:140.73,141.16 1 2
gb_go_best_practics/homework/sqlcsv/call/comparison.go:141.16,143.4 1 1
gb_go_best_practics/homework/sqlcsv/call/comparison.go:148.70,149.18 1 21
gb_go_best_practics/homework/sqlcsv/call/comparison.go:150.11,151.25 1 5
gb_go_best_practics/homework/sqlcsv/call/comparison.go:152.11,153.29 1 5
gb_go_best_practics/homework/sqlcsv/call/comparison.go:154.11,155.26 1 3
gb_go_best_practics/homework/sqlcsv/call/comparison.go:156.12,157.38 1 3
gb_go_best_practics/homework/sqlcsv/call/comparison.go:158.12,159.35 1 3
gb_go_best_practics/homework/sqlcsv/call/comparison.go:160.10,161.28 1 2
gb_go_best_practics/homework/sqlcsv/call/filter.go:16.72,20.26 3 40
gb_go_best_practics/homework/sqlcsv/call/filter.go:35.2,35.21 1 40
gb_go_best_practics/homework/sqlcsv/call/filter.go:20.26,22.3 1 10
gb_go_best_practics/homework/sqlcsv/call/filter.go:22.8,23.22 1 30
gb_go_best_practics/homework/sqlcsv/call/filter.go:24.26,25.61 1 21
gb_go_best_practics/homework/sqlcsv/call/filter.go:26.26,27.61 1 6
gb_go_best_practics/homework/sqlcsv/call/filter.go:28.21,29.51 1 3
gb_go_best_practics/homework/sqlcsv/call/filter.go:30.11,31.65 1 0
gb_go_best_practics/homework/sqlcsv/call/filter.go:38.78,40.16 2 21
gb_go_best_practics/homework/sqlcsv/call/filter.go:43.2,44.22 2 21
gb_go_best_practics/homework/sqlcsv/call/filter.go:54.2,54.14 1 18
gb_go_best_practics/homework/sqlcsv/call/filter.go:57.2,57.15 1 16
gb_go_best_practics/homework/sqlcsv/call/filter.go:40.16,42.3 1 0
gb_go_best_practics/homework/sqlcsv/call/filter.go:44.22,46.17 2 19
gb_go_best_practics/homework/sqlcsv/call/filter.go:49.3,49.15 1 16
gb_go_best_practics/homework/sqlcsv/call/filter.go:52.3,52.48 1 16
gb_go_best_practics/homework/sqlcsv/call/filter.go:46.17,48.4 1 3
gb_go_best_practics/homework/sqlcsv/call/filter.go:49.15,51.4 1 0
gb_go_best_practics/homework/sqlcsv/call/filter.go:54.14,56.3 1 2
gb_go_best_practics/homework/sqlcsv/call/filter.go:60.78,62.16 2 6
gb_go_best_practics/homework/sqlcsv/call/filter.go:65.2,66.16 2 4
gb_go_best_practics/homework/sqlcsv/call/filter.go:70.2,71.34 2 4
gb_go_best_practics/homework/sqlcsv/call/filter.go:62.16,64.3 1 2
gb_go_best_practics/homework/sqlcsv/call/filter.go:66.16,68.3 1 0
gb_go_best_practics/homework/sqlcsv/call/filter.go:74.68,76.16 2 3
gb_go_best_practics/homework/sqlcsv/call/filter.go:79.2,80.16 2 2
gb_go_best_practics/homework/sqlcsv/call/filter.go:84.2,85.29 2 1
gb_go_best_practics/homework/sqlcsv/call/filter.go:101.2,101.34 1 1
gb_go_best_practics/homework/sqlcsv/call/filter.go:76.16,78.3 1 1
gb_go_best_practics/homework/sqlcsv/call/filter.go:80.16,82.3 1 1
gb_go_best_practics/homework/sqlcsv/call/filter.go:86.18,87.10 1 0
gb_go_best_practics/homework/sqlcsv/call/filter.go:93.17,94.10 1 1
gb_go_best_practics/homework/sqlcsv/call/filter.go:88.53,89.13 1 0
gb_go_best_practics/homework/sqlcsv/call/filter.go:90.11,91.12 1 0
gb_go_best_practics/homework/sqlcsv/call/filter.go:95.51,96.12 1 1
gb_go_best_practics/homework/sqlcsv/call/filter.go:97.11,98.13 1 0
gb_go_best_practics/homework/sqlcsv/call/header.go:16.38,17.23 1 2
gb_go_best_practics/homework/sqlcsv/call/header.go:20.2,20.18 1 1
gb_go_best_practics/homework/sqlcsv/call/header.go:17.23,19.3 1 1
gb_go_best_practics/homework/sqlcsv/call/header.go:25.51,28.26 2 9
gb_go_best_practics/homework/sqlcsv/call/header.go:33.2,33.10 1 9
gb_go_best_practics/homework/sqlcsv/call/header.go:28.26,32.3 3 24
gb_go_best_practics/homework/sqlcsv/call/header.go:36.37,38.2 1 2
gb_go_best_practics/homework/sqlcsv/call/header.go:40.52,44.2 1 1
gb_go_best_practics/homework/sqlcsv/call/header.go:46.27,48.2 1 3
gb_go_best_practics/homework/sqlcsv/call/header.go:50.52,52.22 2 2
gb_go_best_practics/homework/sqlcsv/call/header.go:65.2,65.16 1 2
gb_go_best_practics/homework/sqlcsv/call/header.go:52.22,53.19 1 6
gb_go_best_practics/homework/sqlcsv/call/header.go:57.3,58.27 2 5
gb_go_best_practics/homework/sqlcsv/call/header.go:63.3,63.57 1 5
gb_go_best_practics/homework/sqlcsv/call/header.go:53.19,54.12 1 1
gb_go_best_practics/homework/sqlcsv/call/header.go:58.27,60.4 1 4
gb_go_best_practics/homework/sqlcsv/call/header.go:60.9,62.4 1 1
gb_go_best_practics/homework/sqlcsv/call/header.go:68.66,71.22 2 30
gb_go_best_practics/homework/sqlcsv/call/header.go:88.2,88.13 1 29
gb_go_best_practics/homework/sqlcsv/call/header.go:92.2,92.17 1 25
gb_go_best_practics/homework/sqlcsv/call/header.go:71.22,72.19 1 89
gb_go_best_practics/homework/sqlcsv/call/header.go:82.3,82.15 1 27
gb_go_best_practics/homework/sqlcsv/call/header.go:85.3,85.10 1 26
gb_go_best_practics/homework/sqlcsv/call/header.go:72.19,73.48 1 31
gb_go_best_practics/homework/sqlcsv/call/header.go:73.48,74.13 1 21
gb_go_best_practics/homework/sqlcsv/call/header.go:76.9,77.47 1 58
gb_go_best_practics/homework/sqlcsv/call/header.go:77.47,78.13 1 41
gb_go_best_practics/homework/sqlcsv/call/header.go:82.15,84.4 1 1
gb_go_best_practics/homework/sqlcsv/call/header.go:88.13,90.3 1 4
gb_go_best_practics/homework/sqlcsv/call/request.go:9.46,13.16 3 5
gb_go_best_practics/homework/sqlcsv/call/request.go:17.2,17.27 1 4
gb_go_best_practics/homework/sqlcsv/call/request.go:30.2,30.21 1 2
gb_go_best_practics/homework/sqlcsv/call/request.go:13.16,15.3 1 1
gb_go_best_practics/homework/sqlcsv/call/request.go:17.27,18.22 1 4
gb_go_best_practics/homework/sqlcsv/call/request.go:19.25,21.18 2 4
gb_go_best_practics/homework/sqlcsv/call/request.go:24.4,26.6 1 2
gb_go_best_practics/homework/sqlcsv/call/request.go:21.18,23.5 1 2
gb_go_best_practics/homework/sqlcsv/call/request.go:33.80,37.16 3 4
gb_go_best_practics/homework/sqlcsv/call/request.go:40.2,42.28 2 3
gb_go_best_practics/homework/sqlcsv/call/request.go:49.2,49.74 1 2
gb_go_best_practics/homework/sqlcsv/call/request.go:53.2,53.28 1 2
gb_go_best_practics/homework/sqlcsv/call/request.go:57.2,59.18 2 2
gb_go_best_practics/homework/sqlcsv/call/request.go:37.16,39.3 1 1
gb_go_best_practics/homework/sqlcsv/call/request.go:42.28,43.72 1 2
gb_go_best_practics/homework/sqlcsv/call/request.go:46.3,46.17 1 1
gb_go_best_practics/homework/sqlcsv/call/request.go:43.72,45.4 1 1
gb_go_best_practics/homework/sqlcsv/call/request.go:49.74,51.3 1 0
gb_go_best_practics/homework/sqlcsv/call/request.go:53.28,55.3 1 1
gb_go_best_practics/homework/sqlcsv/call/view.go:13.42,16.47 3 6
gb_go_best_practics/homework/sqlcsv/call/view.go:23.2,23.18 1 4
gb_go_best_practics/homework/sqlcsv/call/view.go:26.2,26.12 1 4
gb_go_best_practics/homework/sqlcsv/call/view.go:16.47,17.57 1 2
gb_go_best_practics/homework/sqlcsv/call/view.go:17.57,19.4 1 0
gb_go_best_practics/homework/sqlcsv/call/view.go:19.9,21.4 1 2
gb_go_best_practics/homework/sqlcsv/call/view.go:23.18,25.3 1 0
gb_go_best_practics/homework/sqlcsv/call/view.go:38.74,40.34 2 6
gb_go_best_practics/homework/sqlcsv/call/view.go:48.2,50.25 2 4
gb_go_best_practics/homework/sqlcsv/call/view.go:53.2,53.24 1 4
gb_go_best_practics/homework/sqlcsv/call/view.go:40.34,42.17 2 6
gb_go_best_practics/homework/sqlcsv/call/view.go:45.3,45.18 1 4
gb_go_best_practics/homework/sqlcsv/call/view.go:42.17,44.4 1 2
gb_go_best_practics/homework/sqlcsv/call/view.go:50.25,52.3 1 0
gb_go_best_practics/homework/sqlcsv/call/view.go:56.50,60.29 3 6
gb_go_best_practics/homework/sqlcsv/call/view.go:66.2,66.16 1 6
gb_go_best_practics/homework/sqlcsv/call/view.go:69.2,69.18 1 4
gb_go_best_practics/homework/sqlcsv/call/view.go:61.25,63.60 2 6
gb_go_best_practics/homework/sqlcsv/call/view.go:66.16,68.3 1 2
gb_go_best_practics/homework/sqlcsv/call/view.go:72.73,74.16 2 6
gb_go_best_practics/homework/sqlcsv/call/view.go:78.2,79.16 2 4
gb_go_best_practics/homework/sqlcsv/call/view.go:82.2,92.16 7 4
gb_go_best_practics/homework/sqlcsv/call/view.go:96.2,97.16 2 4
gb_go_best_practics/homework/sqlcsv/call/view.go:100.2,101.28 2 4
gb_go_best_practics/homework/sqlcsv/call/view.go:105.2,105.19 1 4
gb_go_best_practics/homework/sqlcsv/call/view.go:111.2,115.18 3 4
gb_go_best_practics/homework/sqlcsv/call/view.go:74.16,76.3 1 2
gb_go_best_practics/homework/sqlcsv/call/view.go:79.16,81.3 1 0
gb_go_best_practics/homework/sqlcsv/call/view.go:92.16,94.3 1 0
gb_go_best_practics/homework/sqlcsv/call/view.go:97.16,99.3 1 0
gb_go_best_practics/homework/sqlcsv/call/view.go:101.28,103.3 1 8
gb_go_best_practics/homework/sqlcsv/call/view.go:105.19,107.44 2 0
gb_go_best_practics/homework/sqlcsv/call/view.go:107.44,109.4 1 0
gb_go_best_practics/homework/sqlcsv/call/view.go:118.56,120.16 2 4
gb_go_best_practics/homework/sqlcsv/call/view.go:124.2,125.12 2 2
gb_go_best_practics/homework/sqlcsv/call/view.go:120.16,122.3 1 2
gb_go_best_practics/homework/sqlcsv/call/view.go:128.70,130.30 2 4
gb_go_best_practics/homework/sqlcsv/call/view.go:140.2,140.21 1 2
gb_go_best_practics/homework/sqlcsv/call/view.go:130.30,133.17 3 6
gb_go_best_practics/homework/sqlcsv/call/view.go:136.3,136.30 1 4
gb_go_best_practics/homework/sqlcsv/call/view.go:133.17,135.4 1 2
gb_go_best_practics/homework/sqlcsv/call/view.go:136.30,138.4 1 2
gb_go_best_practics/homework/sqlcsv/call/view.go:143.29,145.43 2 1
gb_go_best_practics/homework/sqlcsv/call/view.go:148.2,149.28 2 1
gb_go_best_practics/homework/sqlcsv/call/view.go:145.43,147.3 1 1
gb_go_best_practics/homework/sqlcsv/call/view.go:152.58,153.89 1 3
gb_go_best_practics/homework/sqlcsv/call/view.go:178.2,178.82 1 3
gb_go_best_practics/homework/sqlcsv/call/view.go:199.2,201.16 3 3
gb_go_best_practics/homework/sqlcsv/call/view.go:214.2,216.27 3 3
gb_go_best_practics/homework/sqlcsv/call/view.go:229.2,229.30 1 3
gb_go_best_practics/homework/sqlcsv/call/view.go:235.2,235.12 1 3
gb_go_best_practics/homework/sqlcsv/call/view.go:153.89,156.32 2 3
gb_go_best_practics/homework/sqlcsv/call/view.go:163.3,163.20 1 3
gb_go_best_practics/homework/sqlcsv/call/view.go:167.3,169.29 3 1
gb_go_best_practics/homework/sqlcsv/call/view.go:175.3,175.80 1 1
gb_go_best_practics/homework/sqlcsv/call/view.go:156.32,157.66 1 4
gb_go_best_practics/homework/sqlcsv/call/view.go:157.66,159.10 2 1
gb_go_best_practics/homework/sqlcsv/call/view.go:163.20,165.4 1 2
gb_go_best_practics/homework/sqlcsv/call/view.go:169.29,173.4 1 3
gb_go_best_practics/homework/sqlcsv/call/view.go:178.82,180.31 2 3
gb_go_best_practics/homework/sqlcsv/call/view.go:196.3,196.22 1 3
gb_go_best_practics/homework/sqlcsv/call/view.go:180.31,184.29 3 5
gb_go_best_practics/homework/sqlcsv/call/view.go:194.4,194.23 1 5
gb_go_best_practics/homework/sqlcsv/call/view.go:184.29,187.19 3 13
gb_go_best_practics/homework/sqlcsv/call/view.go:190.5,190.55 1 13
gb_go_best_practics/homework/sqlcsv/call/view.go:187.19,189.6 1 0
gb_go_best_practics/homework/sqlcsv/call/view.go:190.55,192.6 1 2
gb_go_best_practics/homework/sqlcsv/call/view.go:201.16,212.3 1 0
gb_go_best_practics/homework/sqlcsv/call/view.go:216.27,218.56 2 7
gb_go_best_practics/homework/sqlcsv/call/view.go:218.56,222.4 3 6
gb_go_best_practics/homework/sqlcsv/call/view.go:222.9,226.4 3 1
gb_go_best_practics/homework/sqlcsv/call/view.go:229.30,230.26 1 5
gb_go_best_practics/homework/sqlcsv/call/view.go:230.26,232.4 1 2
gb_go_best_practics/homework/sqlcsv/call/view.go:238.50,239.46 1 1
gb_go_best_practics/homework/sqlcsv/call/view.go:239.46,241.3 1 1
gb_go_best_practics/homework/sqlcsv/call/view.go:244.30,248.33 3 2
gb_go_best_practics/homework/sqlcsv/call/view.go:257.2,257.40 1 2
gb_go_best_practics/homework/sqlcsv/call/view.go:261.2,264.33 4 2
gb_go_best_practics/homework/sqlcsv/call/view.go:248.33,250.41 2 2
gb_go_best_practics/homework/sqlcsv/call/view.go:254.3,254.22 1 2
gb_go_best_practics/homework/sqlcsv/call/view.go:250.41,252.4 1 2
gb_go_best_practics/homework/sqlcsv/call/view.go:257.40,259.3 1 2
gb_go_best_practics/homework/sqlcsv/reader/reader.go:19.37,27.2 1 5
gb_go_best_practics/homework/sqlcsv/reader/reader.go:29.43,31.2 1 2
gb_go_best_practics/homework/sqlcsv/reader/reader.go:33.49,35.16 2 1
gb_go_best_practics/homework/sqlcsv/reader/reader.go:39.2,40.27 2 1
gb_go_best_practics/homework/sqlcsv/reader/reader.go:43.2,43.20 1 1
gb_go_best_practics/homework/sqlcsv/reader/reader.go:35.16,37.3 1 0
gb_go_best_practics/homework/sqlcsv/reader/reader.go:40.27,42.3 1 2
gb_go_best_practics/homework/sqlcsv/reader/reader.go:46.49,48.16 2 12
gb_go_best_practics/homework/sqlcsv/reader/reader.go:51.2,51.20 1 7
gb_go_best_practics/homework/sqlcsv/reader/reader.go:48.16,50.3 1 5
gb_go_best_practics/homework/sqlcsv/reader/reader.go:54.54,57.6 2 5
gb_go_best_practics/homework/sqlcsv/reader/reader.go:68.2,68.21 1 3
gb_go_best_practics/homework/sqlcsv/reader/reader.go:57.6,59.20 2 12
gb_go_best_practics/homework/sqlcsv/reader/reader.go:62.3,62.17 1 9
gb_go_best_practics/homework/sqlcsv/reader/reader.go:65.3,65.36 1 7
gb_go_best_practics/homework/sqlcsv/reader/reader.go:59.20,60.9 1 3
gb_go_best_practics/homework/sqlcsv/reader/reader.go:62.17,64.4 1 2
gb_go_best_practics/homework/sqlcsv/reader/reader.go:71.56,73.24 2 13
gb_go_best_practics/homework/sqlcsv/reader/reader.go:79.2,80.6 2 13
gb_go_best_practics/homework/sqlcsv/reader/reader.go:107.2,107.24 1 9
gb_go_best_practics/homework/sqlcsv/reader/reader.go:111.2,111.36 1 9
gb_go_best_practics/homework/sqlcsv/reader/reader.go:115.2,115.20 1 8
gb_go_best_practics/homework/sqlcsv/reader/reader.go:73.24,75.3 1 5
gb_go_best_practics/homework/sqlcsv/reader/reader.go:75.8,77.3 1 8
gb_go_best_practics/homework/sqlcsv/reader/reader.go:80.6,81.57 1 27
gb_go_best_practics/homework/sqlcsv/reader/reader.go:85.3,86.20 2 27
gb_go_best_practics/homework/sqlcsv/reader/reader.go:94.3,94.25 1 23
gb_go_best_practics/homework/sqlcsv/reader/reader.go:100.3,100.10 1 23
gb_go_best_practics/homework/sqlcsv/reader/reader.go:104.3,104.15 1 14
gb_go_best_practics/homework/sqlcsv/reader/reader.go:81.57,83.4 1 0
gb_go_best_practics/homework/sqlcsv/reader/reader.go:86.20,87.22 1 7
gb_go_best_practics/homework/sqlcsv/reader/reader.go:87.22,89.5 1 3
gb_go_best_practics/homework/sqlcsv/reader/reader.go:90.9,90.24 1 20
gb_go_best_practics/homework/sqlcsv/reader/reader.go:90.24,92.4 1 1
gb_go_best_practics/homework/sqlcsv/reader/reader.go:94.25,96.4 1 12
gb_go_best_practics/homework/sqlcsv/reader/reader.go:96.9,98.4 1 11
gb_go_best_practics/homework/sqlcsv/reader/reader.go:100.10,101.9 1 9
gb_go_best_practics/homework/sqlcsv/reader/reader.go:107.24,109.3 1 4
gb_go_best_practics/homework/sqlcsv/reader/reader.go:111.36,113.3 1 1
gb_go_best_practics/homework/sqlcsv/reader/reader.go:118.59,128.6 6 27
gb_go_best_practics/homework/sqlcsv/reader/reader.go:185.2,187.38 2 26
gb_go_best_practics/homework/sqlcsv/reader/reader.go:128.6,130.20 2 122
gb_go_best_practics/homework/sqlcsv/reader/reader.go:138.3,138.17 1 114
gb_go_best_practics/homework/sqlcsv/reader/reader.go:142.3,142.14 1 114
gb_go_best_practics/homework/sqlcsv/reader/reader.go:159.3,159.13 1 111
gb_go_best_practics/homework/sqlcsv/reader/reader.go:168.3,168.13 1 81
gb_go_best_practics/homework/sqlcsv/reader/reader.go:130.20,131.26 1 8
gb_go_best_practics/homework/sqlcsv/reader/reader.go:134.4,136.9 3 7
gb_go_best_practics/homework/sqlcsv/reader/reader.go:131.26,133.5 1 1
gb_go_best_practics/homework/sqlcsv/reader/reader.go:138.17,140.4 1 0
gb_go_best_practics/homework/sqlcsv/reader/reader.go:142.14,143.14 1 3
gb_go_best_practics/homework/sqlcsv/reader/reader.go:144.13,147.13 3 0
gb_go_best_practics/homework/sqlcsv/reader/reader.go:148.21,149.15 1 2
gb_go_best_practics/homework/sqlcsv/reader/reader.go:150.14,152.15 2 1
gb_go_best_practics/homework/sqlcsv/reader/reader.go:153.12,155.58 2 0
gb_go_best_practics/homework/sqlcsv/reader/reader.go:159.13,160.17 1 30
gb_go_best_practics/homework/sqlcsv/reader/reader.go:164.4,165.12 2 27
gb_go_best_practics/homework/sqlcsv/reader/reader.go:160.17,162.13 2 3
gb_go_best_practics/homework/sqlcsv/reader/reader.go:169.13,171.14 2 4
gb_go_best_practics/homework/sqlcsv/reader/reader.go:172.20,173.14 1 12
gb_go_best_practics/homework/sqlcsv/reader/reader.go:174.12,175.22 1 4
gb_go_best_practics/homework/sqlcsv/reader/reader.go:180.11,181.29 1 61
gb_go_best_practics/homework/sqlcsv/reader/reader.go:175.22,177.5 1 4
gb_go_best_practics/homework/sqlcsv/reader/reader.go:177.10,179.5 1 0
gb_go_best_practics/homework/sqlcsv/reader/reader.go:190.43,194.16 3 122
gb_go_best_practics/homework/sqlcsv/reader/reader.go:198.2,198.21 1 114
gb_go_best_practics/homework/sqlcsv/reader/reader.go:203.2,203.16 1 106
gb_go_best_practics/homework/sqlcsv/reader/reader.go:194.16,196.3 1 8
gb_go_best_practics/homework/sqlcsv/reader/reader.go:198.21,202.3 3 8
gb_go_best_practics/homework/sqlcsv/reader/reader.go:206.42,207.16 1 114
gb_go_best_practics/homework/sqlcsv/reader/reader.go:210.2,210.14 1 106
gb_go_best_practics/homework/sqlcsv/reader/reader.go:207.16,209.3 1 8
gb_go_best_practics/homework/sqlcsv/printer/printer.go:10.32,13.16 3 1
gb_go_best_practics/homework/sqlcsv/printer/printer.go:17.2,17.24 1 0
gb_go_best_practics/homework/sqlcsv/printer/printer.go:22.2,25.16 3 0
gb_go_best_practics/homework/sqlcsv/printer/printer.go:28.2,30.12 2 0
gb_go_best_practics/homework/sqlcsv/printer/printer.go:13.16,15.3 1 1
gb_go_best_practics/homework/sqlcsv/printer/printer.go:17.24,20.3 2 0
gb_go_best_practics/homework/sqlcsv/printer/printer.go:25.16,27.3 1 0
